android/app/build/intermediates/manifest_merge_blame_file/debug/manifest-merger-blame-debug-report.txt
1<?xml version="1.0" encoding="utf-8"?>
2<manifest xmlns:android="http://schemas.android.com/apk/res/android"
3    package="com.inkart"
4    android:versionCode="1"
5    android:versionName="1.0" >
6
7    <uses-sdk
8        android:minSdkVersion="21"
9        android:targetSdkVersion="34" />
10
11    <uses-permission android:name="android.permission.INTERNET" />
11-->src\main\AndroidManifest.xml:3:5-67
11-->src\main\AndroidManifest.xml:3:22-64
12    <uses-permission android:name="android.permission.READ_MEDIA_IMAGES" />
12-->src\main\AndroidManifest.xml:4:5-75
12-->src\main\AndroidManifest.xml:4:22-73
13    <uses-permission android:name="android.permission.CAMERA" />
13-->src\main\AndroidManifest.xml:5:5-64
13-->src\main\AndroidManifest.xml:5:22-62
14
15    <uses-feature
15-->src\main\AndroidManifest.xml:6:5-85
16        android:name="android.hardware.camera"
16-->src\main\AndroidManifest.xml:6:19-57
17        android:required="false" />
17-->src\main\AndroidManifest.xml:6:58-82
18    <uses-feature
18-->src\main\AndroidManifest.xml:7:5-91
19        android:name="android.hardware.camera.front"
19-->src\main\AndroidManifest.xml:7:19-63
20        android:required="false" />
20-->src\main\AndroidManifest.xml:7:64-88
21
22    <uses-permission android:name="android.permission.SYSTEM_ALERT_WINDOW" />
22-->src\main\AndroidManifest.xml:8:5-77
22-->src\main\AndroidManifest.xml:8:22-75
23    <uses-permission android:name="android.permission.READ_EXTERNAL_STORAGE" />
23-->src\main\AndroidManifest.xml:9:5-80
23-->src\main\AndroidManifest.xml:9:22-77
24    <uses-permission android:name="android.permission.WRITE_EXTERNAL_STORAGE" />
24-->src\main\AndroidManifest.xml:10:5-81
24-->src\main\AndroidManifest.xml:10:22-78
25    <uses-permission android:name="android.permission.DOWNLOAD_WITHOUT_NOTIFICATION" />
25-->src\main\AndroidManifest.xml:11:5-88
25-->src\main\AndroidManifest.xml:11:22-85
26    <uses-permission android:name="android.permission.ACCESS_NETWORK_STATE" />
26-->src\main\AndroidManifest.xml:12:5-79
26-->src\main\AndroidManifest.xml:12:22-76
27    <uses-permission android:name="android.permission.ACCESS_FINE_LOCATION" />
27-->src\main\AndroidManifest.xml:13:5-79
27-->src\main\AndroidManifest.xml:13:22-76
28    <uses-permission android:name="android.permission.WAKE_LOCK" />
28-->[:react-native-firebase_auth] AndroidManifest.xml:8:5-68
28-->[:react-native-firebase_auth] AndroidManifest.xml:8:22-65
29
30    <queries>
30-->[:react-native-image-crop-picker] AndroidManifest.xml:7:5-11:15
31        <intent>
31-->[:react-native-image-crop-picker] AndroidManifest.xml:8:9-10:18
32            <action android:name="android.media.action.IMAGE_CAPTURE" />
32-->[:react-native-image-crop-picker] AndroidManifest.xml:9:13-73
32-->[:react-native-image-crop-picker] AndroidManifest.xml:9:21-70
33        </intent>
34        <intent>
34-->[com.razorpay:checkout:1.6.38] AndroidManifest.xml:11:9-17:18
35            <action android:name="android.intent.action.VIEW" />
35-->[com.google.firebase:firebase-auth:22.3.1] AndroidManifest.xml:36:17-69
35-->[com.google.firebase:firebase-auth:22.3.1] AndroidManifest.xml:36:25-66
36
37            <data
37-->[com.google.firebase:firebase-auth:22.3.1] AndroidManifest.xml:41:17-44:51
38                android:mimeType="*/*"
39                android:scheme="*" />
39-->[com.google.firebase:firebase-auth:22.3.1] AndroidManifest.xml:44:21-48
40        </intent>
41        <intent>
41-->[com.razorpay:checkout:1.6.38] AndroidManifest.xml:18:9-27:18
42            <action android:name="android.intent.action.VIEW" />
42-->[com.google.firebase:firebase-auth:22.3.1] AndroidManifest.xml:36:17-69
42-->[com.google.firebase:firebase-auth:22.3.1] AndroidManifest.xml:36:25-66
43
44            <category android:name="android.intent.category.BROWSABLE" />
44-->[com.google.firebase:firebase-auth:22.3.1] AndroidManifest.xml:39:17-78
44-->[com.google.firebase:firebase-auth:22.3.1] AndroidManifest.xml:39:27-75
45
46            <data
46-->[com.google.firebase:firebase-auth:22.3.1] AndroidManifest.xml:41:17-44:51
47                android:host="pay"
47-->[com.google.firebase:firebase-auth:22.3.1] AndroidManifest.xml:42:21-49
48                android:mimeType="*/*"
49                android:scheme="upi" />
49-->[com.google.firebase:firebase-auth:22.3.1] AndroidManifest.xml:44:21-48
50        </intent>
51        <intent>
51-->[com.razorpay:checkout:1.6.38] AndroidManifest.xml:28:9-30:18
52            <action android:name="android.intent.action.MAIN" />
52-->src\main\AndroidManifest.xml:32:13-65
52-->src\main\AndroidManifest.xml:32:21-62
53        </intent>
54        <intent>
54-->[com.razorpay:checkout:1.6.38] AndroidManifest.xml:31:9-35:18
55            <action android:name="android.intent.action.SEND" />
55-->[com.razorpay:checkout:1.6.38] AndroidManifest.xml:32:13-65
55-->[com.razorpay:checkout:1.6.38] AndroidManifest.xml:32:21-62
56
57            <data android:mimeType="*/*" />
57-->[com.google.firebase:firebase-auth:22.3.1] AndroidManifest.xml:41:17-44:51
58        </intent>
59        <intent>
59-->[com.razorpay:checkout:1.6.38] AndroidManifest.xml:36:9-38:18
60            <action android:name="rzp.device_token.share" />
60-->[com.razorpay:checkout:1.6.38] AndroidManifest.xml:37:13-61
60-->[com.razorpay:checkout:1.6.38] AndroidManifest.xml:37:21-58
61        </intent> <!-- Needs to be explicitly declared on Android R+ -->
62        <package android:name="com.google.android.apps.maps" />
62-->[com.google.android.gms:play-services-maps:18.2.0] AndroidManifest.xml:33:9-64
62-->[com.google.android.gms:play-services-maps:18.2.0] AndroidManifest.xml:33:18-61
63    </queries> <!-- Required to access Google Play Licensing -->
64    <uses-permission android:name="com.android.vending.CHECK_LICENSE" /> <!-- Required to check whether Wi-Fi is enabled -->
64-->[:rn-fetch-blob] AndroidManifest.xml:8:5-73
64-->[:rn-fetch-blob] AndroidManifest.xml:8:22-70
65    <uses-permission android:name="android.permission.ACCESS_WIFI_STATE" />
65-->[:rn-fetch-blob] AndroidManifest.xml:26:5-76
65-->[:rn-fetch-blob] AndroidManifest.xml:26:22-73
66
67    <uses-feature
67-->[com.google.android.gms:play-services-maps:18.2.0] AndroidManifest.xml:26:5-28:35
68        android:glEsVersion="0x00020000"
68-->[com.google.android.gms:play-services-maps:18.2.0] AndroidManifest.xml:27:9-41
69        android:required="true" />
69-->[com.google.android.gms:play-services-maps:18.2.0] AndroidManifest.xml:28:9-32
70
71    <uses-permission android:name="com.google.android.providers.gsf.permission.READ_GSERVICES" />
71-->[com.google.android.recaptcha:recaptcha:18.4.0] AndroidManifest.xml:9:5-98
71-->[com.google.android.recaptcha:recaptcha:18.4.0] AndroidManifest.xml:9:22-95
72    <uses-permission android:name="android.permission.RECEIVE_BOOT_COMPLETED" />
72-->[androidx.work:work-runtime:2.7.1] AndroidManifest.xml:27:5-81
72-->[androidx.work:work-runtime:2.7.1] AndroidManifest.xml:27:22-78
73    <uses-permission android:name="android.permission.FOREGROUND_SERVICE" />
73-->[androidx.work:work-runtime:2.7.1] AndroidManifest.xml:28:5-77
73-->[androidx.work:work-runtime:2.7.1] AndroidManifest.xml:28:22-74
74
75    <permission
75-->[androidx.core:core:1.9.0] AndroidManifest.xml:22:5-24:47
76        android:name="com.inkart.DYNAMIC_RECEIVER_NOT_EXPORTED_PERMISSION"
76-->[androidx.core:core:1.9.0] AndroidManifest.xml:23:9-81
77        android:protectionLevel="signature" />
77-->[androidx.core:core:1.9.0] AndroidManifest.xml:24:9-44
78
79    <uses-permission android:name="com.inkart.DYNAMIC_RECEIVER_NOT_EXPORTED_PERMISSION" />
79-->[androidx.core:core:1.9.0] AndroidManifest.xml:26:5-97
79-->[androidx.core:core:1.9.0] AndroidManifest.xml:26:22-94
80
81    <application
81-->src\main\AndroidManifest.xml:16:5-40:19
82        android:name="com.inkart.MainApplication"
82-->src\main\AndroidManifest.xml:17:7-38
83        android:allowBackup="false"
83-->src\main\AndroidManifest.xml:21:7-34
84        android:appComponentFactory="androidx.core.app.CoreComponentFactory"
84-->[androidx.core:core:1.9.0] AndroidManifest.xml:28:18-86
85        android:debuggable="true"
86        android:extractNativeLibs="true"
87        android:icon="@mipmap/ic_launcher"
87-->src\main\AndroidManifest.xml:19:7-41
88        android:label="@string/app_name"
88-->src\main\AndroidManifest.xml:18:7-39
89        android:roundIcon="@mipmap/ic_launcher_round"
89-->src\main\AndroidManifest.xml:20:7-52
90        android:theme="@style/AppTheme"
90-->src\main\AndroidManifest.xml:22:7-38
91        android:usesCleartextTraffic="true" >
91-->src\debug\AndroidManifest.xml:6:9-44
92        <activity
92-->src\main\AndroidManifest.xml:23:7-36:18
93            android:name="com.inkart.MainActivity"
93-->src\main\AndroidManifest.xml:24:9-37
94            android:configChanges="keyboard|keyboardHidden|orientation|screenLayout|screenSize|smallestScreenSize|uiMode"
94-->src\main\AndroidManifest.xml:26:9-118
95            android:exported="true"
95-->src\main\AndroidManifest.xml:30:9-32
96            android:label="@string/app_name"
96-->src\main\AndroidManifest.xml:25:9-41
97            android:launchMode="singleTask"
97-->src\main\AndroidManifest.xml:28:9-40
98            android:windowSoftInputMode="adjustPan" >
98-->src\main\AndroidManifest.xml:29:9-48
99            <intent-filter>
99-->src\main\AndroidManifest.xml:31:9-35:25
100                <action android:name="android.intent.action.MAIN" />
100-->src\main\AndroidManifest.xml:32:13-65
100-->src\main\AndroidManifest.xml:32:21-62
101
102                <category android:name="android.intent.category.LAUNCHER" />
102-->src\main\AndroidManifest.xml:33:13-73
102-->src\main\AndroidManifest.xml:33:23-70
103
104                <action android:name="android.intent.action.DOWNLOAD_COMPLETE" />
104-->src\main\AndroidManifest.xml:34:13-77
104-->src\main\AndroidManifest.xml:34:21-75
105            </intent-filter>
106        </activity>
107
108        <meta-data
108-->src\main\AndroidManifest.xml:37:5-39:63
109            android:name="com.google.android.geo.API_KEY"
109-->src\main\AndroidManifest.xml:38:6-51
110            android:value="AIzaSyBxr99617iBz0j-ao6GzTTl_Kq0TuvZwg4" />
110-->src\main\AndroidManifest.xml:39:6-61
111        <meta-data
111-->[:react-native-firebase_app] AndroidManifest.xml:9:9-11:36
112            android:name="app_data_collection_default_enabled"
112-->[:react-native-firebase_app] AndroidManifest.xml:10:13-63
113            android:value="true" />
113-->[:react-native-firebase_app] AndroidManifest.xml:11:13-33
114
115        <service
115-->[:react-native-firebase_app] AndroidManifest.xml:13:9-21:19
116            android:name="com.google.firebase.components.ComponentDiscoveryService"
116-->[:react-native-firebase_app] AndroidManifest.xml:14:13-84
117            android:directBootAware="true"
117-->[:react-native-firebase_app] AndroidManifest.xml:15:13-43
118            android:exported="false" >
118-->[:react-native-firebase_app] AndroidManifest.xml:16:13-37
119            <meta-data
119-->[:react-native-firebase_app] AndroidManifest.xml:18:13-20:85
120                android:name="com.google.firebase.components:io.invertase.firebase.app.ReactNativeFirebaseAppRegistrar"
120-->[:react-native-firebase_app] AndroidManifest.xml:19:17-120
121                android:value="com.google.firebase.components.ComponentRegistrar" />
121-->[:react-native-firebase_app] AndroidManifest.xml:20:17-82
122            <meta-data
122-->[com.google.firebase:firebase-auth:22.3.1] AndroidManifest.xml:69:13-71:85
123                android:name="com.google.firebase.components:com.google.firebase.auth.FirebaseAuthRegistrar"
123-->[com.google.firebase:firebase-auth:22.3.1] AndroidManifest.xml:70:17-109
124                android:value="com.google.firebase.components.ComponentRegistrar" />
124-->[com.google.firebase:firebase-auth:22.3.1] AndroidManifest.xml:71:17-82
125            <meta-data
125-->[com.google.firebase:firebase-firestore:24.10.2] AndroidManifest.xml:17:13-19:85
126                android:name="com.google.firebase.components:com.google.firebase.firestore.FirebaseFirestoreKtxRegistrar"
126-->[com.google.firebase:firebase-firestore:24.10.2] AndroidManifest.xml:18:17-122
127                android:value="com.google.firebase.components.ComponentRegistrar" />
127-->[com.google.firebase:firebase-firestore:24.10.2] AndroidManifest.xml:19:17-82
128            <meta-data
128-->[com.google.firebase:firebase-firestore:24.10.2] AndroidManifest.xml:20:13-22:85
129                android:name="com.google.firebase.components:com.google.firebase.firestore.FirestoreRegistrar"
129-->[com.google.firebase:firebase-firestore:24.10.2] AndroidManifest.xml:21:17-111
130                android:value="com.google.firebase.components.ComponentRegistrar" />
130-->[com.google.firebase:firebase-firestore:24.10.2] AndroidManifest.xml:22:17-82
131            <meta-data
131-->[com.google.firebase:firebase-storage:20.3.0] AndroidManifest.xml:30:13-32:85
132                android:name="com.google.firebase.components:com.google.firebase.storage.FirebaseStorageKtxRegistrar"
132-->[com.google.firebase:firebase-storage:20.3.0] AndroidManifest.xml:31:17-118
133                android:value="com.google.firebase.components.ComponentRegistrar" />
133-->[com.google.firebase:firebase-storage:20.3.0] AndroidManifest.xml:32:17-82
134            <meta-data
134-->[com.google.firebase:firebase-storage:20.3.0] AndroidManifest.xml:33:13-35:85
135                android:name="com.google.firebase.components:com.google.firebase.storage.StorageRegistrar"
135-->[com.google.firebase:firebase-storage:20.3.0] AndroidManifest.xml:34:17-107
136                android:value="com.google.firebase.components.ComponentRegistrar" />
136-->[com.google.firebase:firebase-storage:20.3.0] AndroidManifest.xml:35:17-82
137            <meta-data
137-->[com.google.firebase:firebase-appcheck:17.1.2] AndroidManifest.xml:25:13-27:85
138                android:name="com.google.firebase.components:com.google.firebase.appcheck.FirebaseAppCheckKtxRegistrar"
138-->[com.google.firebase:firebase-appcheck:17.1.2] AndroidManifest.xml:26:17-120
139                android:value="com.google.firebase.components.ComponentRegistrar" />
139-->[com.google.firebase:firebase-appcheck:17.1.2] AndroidManifest.xml:27:17-82
140            <meta-data
140-->[com.google.firebase:firebase-appcheck:17.1.2] AndroidManifest.xml:28:13-30:85
141                android:name="com.google.firebase.components:com.google.firebase.appcheck.FirebaseAppCheckRegistrar"
141-->[com.google.firebase:firebase-appcheck:17.1.2] AndroidManifest.xml:29:17-117
142                android:value="com.google.firebase.components.ComponentRegistrar" />
142-->[com.google.firebase:firebase-appcheck:17.1.2] AndroidManifest.xml:30:17-82
143            <meta-data
143-->[com.google.firebase:firebase-common-ktx:20.4.2] AndroidManifest.xml:12:13-14:85
144                android:name="com.google.firebase.components:com.google.firebase.ktx.FirebaseCommonLegacyRegistrar"
144-->[com.google.firebase:firebase-common-ktx:20.4.2] AndroidManifest.xml:13:17-116
145                android:value="com.google.firebase.components.ComponentRegistrar" />
145-->[com.google.firebase:firebase-common-ktx:20.4.2] AndroidManifest.xml:14:17-82
146            <meta-data
146-->[com.google.firebase:firebase-common:20.4.2] AndroidManifest.xml:35:13-37:85
147                android:name="com.google.firebase.components:com.google.firebase.FirebaseCommonKtxRegistrar"
147-->[com.google.firebase:firebase-common:20.4.2] AndroidManifest.xml:36:17-109
148                android:value="com.google.firebase.components.ComponentRegistrar" />
148-->[com.google.firebase:firebase-common:20.4.2] AndroidManifest.xml:37:17-82
149        </service>
150
151        <provider
151-->[:react-native-firebase_app] AndroidManifest.xml:23:9-27:38
152            android:name="io.invertase.firebase.app.ReactNativeFirebaseAppInitProvider"
152-->[:react-native-firebase_app] AndroidManifest.xml:24:13-88
153            android:authorities="com.inkart.reactnativefirebaseappinitprovider"
153-->[:react-native-firebase_app] AndroidManifest.xml:25:13-86
154            android:exported="false"
154-->[:react-native-firebase_app] AndroidManifest.xml:26:13-37
155            android:initOrder="99" />
155-->[:react-native-firebase_app] AndroidManifest.xml:27:13-35
156        <provider
156-->[:react-native-image-crop-picker] AndroidManifest.xml:16:9-24:20
157            android:name="com.reactnative.ivpusic.imagepicker.IvpusicImagePickerFileProvider"
157-->[:react-native-image-crop-picker] AndroidManifest.xml:17:13-94
158            android:authorities="com.inkart.provider"
158-->[:react-native-image-crop-picker] AndroidManifest.xml:18:13-60
159            android:exported="false"
159-->[:react-native-image-crop-picker] AndroidManifest.xml:19:13-37
160            android:grantUriPermissions="true" >
160-->[:react-native-image-crop-picker] AndroidManifest.xml:20:13-47
161            <meta-data
161-->[:react-native-image-crop-picker] AndroidManifest.xml:21:13-23:78
162                android:name="android.support.FILE_PROVIDER_PATHS"
162-->[:react-native-image-crop-picker] AndroidManifest.xml:22:17-67
163                android:resource="@xml/ivpusic_imagepicker_provider_paths" />
163-->[:react-native-image-crop-picker] AndroidManifest.xml:23:17-75
164        </provider>
165
166        <activity
166-->[:react-native-image-crop-picker] AndroidManifest.xml:26:9-28:72
167            android:name="com.yalantis.ucrop.UCropActivity"
167-->[:react-native-image-crop-picker] AndroidManifest.xml:27:13-60
168            android:theme="@style/Theme.AppCompat.Light.NoActionBar" />
168-->[:react-native-image-crop-picker] AndroidManifest.xml:28:13-69
169        <activity
169-->[:react-native-razorpay] AndroidManifest.xml:8:9-10:86
170            android:name="com.razorpay.CheckoutActivity"
170-->[:react-native-razorpay] AndroidManifest.xml:9:13-57
171            android:configChanges="keyboard|keyboardHidden|orientation|screenSize"
171-->[:react-native-razorpay] AndroidManifest.xml:10:13-83
172            android:exported="false"
172-->[com.razorpay:checkout:1.6.38] AndroidManifest.xml:54:13-37
173            android:theme="@style/CheckoutTheme" >
173-->[com.razorpay:checkout:1.6.38] AndroidManifest.xml:55:13-49
174            <intent-filter>
174-->[com.razorpay:checkout:1.6.38] AndroidManifest.xml:56:13-58:29
175                <action android:name="android.intent.action.MAIN" />
175-->src\main\AndroidManifest.xml:32:13-65
175-->src\main\AndroidManifest.xml:32:21-62
176            </intent-filter>
177        </activity>
178
179        <provider
179-->[:rn-fetch-blob] AndroidManifest.xml:32:9-40:20
180            android:name="com.RNFetchBlob.Utils.FileProvider"
180-->[:rn-fetch-blob] AndroidManifest.xml:33:13-62
181            android:authorities="com.inkart.provider"
181-->[:rn-fetch-blob] AndroidManifest.xml:34:13-60
182            android:exported="false"
182-->[:rn-fetch-blob] AndroidManifest.xml:35:13-37
183            android:grantUriPermissions="true" >
183-->[:rn-fetch-blob] AndroidManifest.xml:36:13-47
184            <meta-data
184-->[:react-native-image-crop-picker] AndroidManifest.xml:21:13-23:78
185                android:name="android.support.FILE_PROVIDER_PATHS"
185-->[:react-native-image-crop-picker] AndroidManifest.xml:22:17-67
186                android:resource="@xml/provider_paths" />
186-->[:react-native-image-crop-picker] AndroidManifest.xml:23:17-75
187        </provider>
188
189        <activity
189-->[com.facebook.react:react-android:0.73.2] AndroidManifest.xml:19:9-21:40
190            android:name="com.facebook.react.devsupport.DevSettingsActivity"
190-->[com.facebook.react:react-android:0.73.2] AndroidManifest.xml:20:13-77
191            android:exported="false" />
191-->[com.facebook.react:react-android:0.73.2] AndroidManifest.xml:21:13-37
192        <activity
192-->[com.google.firebase:firebase-auth:22.3.1] AndroidManifest.xml:29:9-46:20
193            android:name="com.google.firebase.auth.internal.GenericIdpActivity"
193-->[com.google.firebase:firebase-auth:22.3.1] AndroidManifest.xml:30:13-80
194            android:excludeFromRecents="true"
194-->[com.google.firebase:firebase-auth:22.3.1] AndroidManifest.xml:31:13-46
195            android:exported="true"
195-->[com.google.firebase:firebase-auth:22.3.1] AndroidManifest.xml:32:13-36
196            android:launchMode="singleTask"
196-->[com.google.firebase:firebase-auth:22.3.1] AndroidManifest.xml:33:13-44
197            android:theme="@android:style/Theme.Translucent.NoTitleBar" >
197-->[com.google.firebase:firebase-auth:22.3.1] AndroidManifest.xml:34:13-72
198            <intent-filter>
198-->[com.google.firebase:firebase-auth:22.3.1] AndroidManifest.xml:35:13-45:29
199                <action android:name="android.intent.action.VIEW" />
199-->[com.google.firebase:firebase-auth:22.3.1] AndroidManifest.xml:36:17-69
199-->[com.google.firebase:firebase-auth:22.3.1] AndroidManifest.xml:36:25-66
200
201                <category android:name="android.intent.category.DEFAULT" />
201-->[com.google.firebase:firebase-auth:22.3.1] AndroidManifest.xml:38:17-76
201-->[com.google.firebase:firebase-auth:22.3.1] AndroidManifest.xml:38:27-73
202                <category android:name="android.intent.category.BROWSABLE" />
202-->[com.google.firebase:firebase-auth:22.3.1] AndroidManifest.xml:39:17-78
202-->[com.google.firebase:firebase-auth:22.3.1] AndroidManifest.xml:39:27-75
203
204                <data
204-->[com.google.firebase:firebase-auth:22.3.1] AndroidManifest.xml:41:17-44:51
205                    android:host="firebase.auth"
205-->[com.google.firebase:firebase-auth:22.3.1] AndroidManifest.xml:42:21-49
206                    android:path="/"
206-->[com.google.firebase:firebase-auth:22.3.1] AndroidManifest.xml:43:21-37
207                    android:scheme="genericidp" />
207-->[com.google.firebase:firebase-auth:22.3.1] AndroidManifest.xml:44:21-48
208            </intent-filter>
209        </activity>
210        <activity
210-->[com.google.firebase:firebase-auth:22.3.1] AndroidManifest.xml:47:9-64:20
211            android:name="com.google.firebase.auth.internal.RecaptchaActivity"
211-->[com.google.firebase:firebase-auth:22.3.1] AndroidManifest.xml:48:13-79
212            android:excludeFromRecents="true"
212-->[com.google.firebase:firebase-auth:22.3.1] AndroidManifest.xml:49:13-46
213            android:exported="true"
213-->[com.google.firebase:firebase-auth:22.3.1] AndroidManifest.xml:50:13-36
214            android:launchMode="singleTask"
214-->[com.google.firebase:firebase-auth:22.3.1] AndroidManifest.xml:51:13-44
215            android:theme="@android:style/Theme.Translucent.NoTitleBar" >
215-->[com.google.firebase:firebase-auth:22.3.1] AndroidManifest.xml:52:13-72
216            <intent-filter>
216-->[com.google.firebase:firebase-auth:22.3.1] AndroidManifest.xml:53:13-63:29
217                <action android:name="android.intent.action.VIEW" />
217-->[com.google.firebase:firebase-auth:22.3.1] AndroidManifest.xml:36:17-69
217-->[com.google.firebase:firebase-auth:22.3.1] AndroidManifest.xml:36:25-66
218
219                <category android:name="android.intent.category.DEFAULT" />
219-->[com.google.firebase:firebase-auth:22.3.1] AndroidManifest.xml:38:17-76
219-->[com.google.firebase:firebase-auth:22.3.1] AndroidManifest.xml:38:27-73
220                <category android:name="android.intent.category.BROWSABLE" />
220-->[com.google.firebase:firebase-auth:22.3.1] AndroidManifest.xml:39:17-78
220-->[com.google.firebase:firebase-auth:22.3.1] AndroidManifest.xml:39:27-75
221
222                <data
222-->[com.google.firebase:firebase-auth:22.3.1] AndroidManifest.xml:41:17-44:51
223                    android:host="firebase.auth"
223-->[com.google.firebase:firebase-auth:22.3.1] AndroidManifest.xml:42:21-49
224                    android:path="/"
224-->[com.google.firebase:firebase-auth:22.3.1] AndroidManifest.xml:43:21-37
225                    android:scheme="recaptcha" />
225-->[com.google.firebase:firebase-auth:22.3.1] AndroidManifest.xml:44:21-48
226            </intent-filter>
227        </activity>
228
229        <receiver
229-->[com.razorpay:checkout:1.6.38] AndroidManifest.xml:42:9-49:20
230            android:name="com.razorpay.RzpTokenReceiver"
230-->[com.razorpay:checkout:1.6.38] AndroidManifest.xml:43:13-57
231            android:exported="true" >
231-->[com.razorpay:checkout:1.6.38] AndroidManifest.xml:44:13-36
232            <intent-filter>
232-->[com.razorpay:checkout:1.6.38] AndroidManifest.xml:46:13-48:29
233                <action android:name="rzp.device_token.share" />
233-->[com.razorpay:checkout:1.6.38] AndroidManifest.xml:37:13-61
233-->[com.razorpay:checkout:1.6.38] AndroidManifest.xml:37:21-58
234            </intent-filter>
235        </receiver>
236
237        <meta-data
237-->[com.razorpay:checkout:1.6.38] AndroidManifest.xml:61:9-63:58
238            android:name="com.razorpay.plugin.googlepay_all"
238-->[com.razorpay:checkout:1.6.38] AndroidManifest.xml:62:13-61
239            android:value="com.razorpay.RzpGpayMerged" />
239-->[com.razorpay:checkout:1.6.38] AndroidManifest.xml:63:13-55
240
241        <activity
241-->[com.google.android.gms:play-services-auth:20.7.0] AndroidManifest.xml:23:9-27:75
242            android:name="com.google.android.gms.auth.api.signin.internal.SignInHubActivity"
242-->[com.google.android.gms:play-services-auth:20.7.0] AndroidManifest.xml:24:13-93
243            android:excludeFromRecents="true"
243-->[com.google.android.gms:play-services-auth:20.7.0] AndroidManifest.xml:25:13-46
244            android:exported="false"
244-->[com.google.android.gms:play-services-auth:20.7.0] AndroidManifest.xml:26:13-37
245            android:theme="@android:style/Theme.Translucent.NoTitleBar" />
245-->[com.google.android.gms:play-services-auth:20.7.0] AndroidManifest.xml:27:13-72
246        <!--
247            Service handling Google Sign-In user revocation. For apps that do not integrate with
248            Google Sign-In, this service will never be started.
249        -->
250        <service
250-->[com.google.android.gms:play-services-auth:20.7.0] AndroidManifest.xml:33:9-37:51
251            android:name="com.google.android.gms.auth.api.signin.RevocationBoundService"
251-->[com.google.android.gms:play-services-auth:20.7.0] AndroidManifest.xml:34:13-89
252            android:exported="true"
252-->[com.google.android.gms:play-services-auth:20.7.0] AndroidManifest.xml:35:13-36
253            android:permission="com.google.android.gms.auth.api.signin.permission.REVOCATION_NOTIFICATION"
253-->[com.google.android.gms:play-services-auth:20.7.0] AndroidManifest.xml:36:13-107
254            android:visibleToInstantApps="true" />
254-->[com.google.android.gms:play-services-auth:20.7.0] AndroidManifest.xml:37:13-48
255
256        <meta-data
256-->[com.google.maps.android:android-maps-utils:3.8.2] AndroidManifest.xml:8:9-10:69
257            android:name="com.google.android.gms.version"
257-->[com.google.maps.android:android-maps-utils:3.8.2] AndroidManifest.xml:9:13-58
258            android:value="@integer/google_play_services_version" /> <!-- Needs to be explicitly declared on P+ -->
258-->[com.google.maps.android:android-maps-utils:3.8.2] AndroidManifest.xml:10:13-66
259        <uses-library
259-->[com.google.android.gms:play-services-maps:18.2.0] AndroidManifest.xml:39:9-41:40
260            android:name="org.apache.http.legacy"
260-->[com.google.android.gms:play-services-maps:18.2.0] AndroidManifest.xml:40:13-50
261            android:required="false" />
261-->[com.google.android.gms:play-services-maps:18.2.0] AndroidManifest.xml:41:13-37
262
263        <activity
263-->[com.google.android.gms:play-services-base:18.2.0] AndroidManifest.xml:20:9-22:45
264            android:name="com.google.android.gms.common.api.GoogleApiActivity"
264-->[com.google.android.gms:play-services-base:18.2.0] AndroidManifest.xml:20:19-85
265            android:exported="false"
265-->[com.google.android.gms:play-services-base:18.2.0] AndroidManifest.xml:22:19-43
266            android:theme="@android:style/Theme.Translucent.NoTitleBar" />
266-->[com.google.android.gms:play-services-base:18.2.0] AndroidManifest.xml:21:19-78
267
268        <provider
268-->[com.google.firebase:firebase-common:20.4.2] AndroidManifest.xml:23:9-28:39
269            android:name="com.google.firebase.provider.FirebaseInitProvider"
269-->[com.google.firebase:firebase-common:20.4.2] AndroidManifest.xml:24:13-77
270            android:authorities="com.inkart.firebaseinitprovider"
270-->[com.google.firebase:firebase-common:20.4.2] AndroidManifest.xml:25:13-72
271            android:directBootAware="true"
271-->[com.google.firebase:firebase-common:20.4.2] AndroidManifest.xml:26:13-43
272            android:exported="false"
272-->[com.google.firebase:firebase-common:20.4.2] AndroidManifest.xml:27:13-37
273            android:initOrder="100" />
273-->[com.google.firebase:firebase-common:20.4.2] AndroidManifest.xml:28:13-36
274        <provider
274-->[androidx.work:work-runtime:2.7.1] AndroidManifest.xml:31:9-39:20
275            android:name="androidx.startup.InitializationProvider"
275-->[androidx.work:work-runtime:2.7.1] AndroidManifest.xml:32:13-67
276            android:authorities="com.inkart.androidx-startup"
276-->[androidx.work:work-runtime:2.7.1] AndroidManifest.xml:33:13-68
277            android:exported="false" >
277-->[androidx.work:work-runtime:2.7.1] AndroidManifest.xml:34:13-37
278            <meta-data
278-->[androidx.work:work-runtime:2.7.1] AndroidManifest.xml:36:13-38:52
279                android:name="androidx.work.WorkManagerInitializer"
279-->[androidx.work:work-runtime:2.7.1] AndroidManifest.xml:37:17-68
280                android:value="androidx.startup" />
280-->[androidx.work:work-runtime:2.7.1] AndroidManifest.xml:38:17-49